New log file opened at Thu Nov 19 10:50:55 EST 2015 by 6884@MININT-QH3P5KQ
Sending msg to client play-fork-run-b4e11e7f-68e9-477f-8d01-81ee98156994: DetachedLogEvent(LogMessage(debug,sbt server socket logs are in: C:\Users\Alienware Grunt\cuny-git\CTSproject\.sbtserver\connections\master.log))
Sending msg to client play-fork-run-b4e11e7f-68e9-477f-8d01-81ee98156994: DetachedLogEvent(LogMessage(debug,sbt general server logs are in: C:\Users\Alienware Grunt\cuny-git\CTSproject\.sbtserver\master.log))
Sending msg to client play-fork-run-b4e11e7f-68e9-477f-8d01-81ee98156994: DetachedLogEvent(LogMessage(debug,sbt client logs are in: C:\Users\Alienware Grunt\cuny-git\CTSproject\.sbtserver\connections\play-fork-run-b4e11e7f-68e9-477f-8d01-81ee98156994.log))
Reading next message from client.
Got request: DaemonRequest(true)
Reading next message from client.
Sending msg to client play-fork-run-b4e11e7f-68e9-477f-8d01-81ee98156994: (3,ReceivedResponse())
Got request: ListenToEvents()
Reading next message from client.
Sending msg to client play-fork-run-b4e11e7f-68e9-477f-8d01-81ee98156994: BackgroundJobStarted(11,BackgroundJobInfo(2,backgroundRun,AttributeKey[sbt.BackgroundJobHandle]("backgroundRun") in Scope(Build: file:/C:/Users/Alienware%20Grunt/cuny-git/CTSproject/, , Project: ProjectReference(file:/C:/Users/Alienware%20Grunt/cuny-git/CTSproject/,root), Config: compile)))
Sending msg to client play-fork-run-b4e11e7f-68e9-477f-8d01-81ee98156994: (4,ReceivedResponse())
Got request: KeyLookupRequest(root/playForkConfig)
Reading next message from client.
Sending msg to client play-fork-run-b4e11e7f-68e9-477f-8d01-81ee98156994: (5,KeyLookupResponse(root/playForkConfig,Vector(AttributeKey[play.forkrun.protocol.ForkConfig]("playForkConfig") in Scope(Build: file:/C:/Users/Alienware%20Grunt/cuny-git/CTSproject/, , Project: ProjectReference(file:/C:/Users/Alienware%20Grunt/cuny-git/CTSproject/,root)))))
Got request: ListenToValue(AttributeKey[play.forkrun.protocol.ForkConfig]("playForkConfig") in Scope(Build: file:/C:/Users/Alienware%20Grunt/cuny-git/CTSproject/, , Project: ProjectReference(file:/C:/Users/Alienware%20Grunt/cuny-git/CTSproject/,root)))
Reading next message from client.
Sending msg to client play-fork-run-b4e11e7f-68e9-477f-8d01-81ee98156994: (6,ReceivedResponse())
Got request: KeyExecutionRequest(AttributeKey[play.forkrun.protocol.ForkConfig]("playForkConfig") in Scope(Build: file:/C:/Users/Alienware%20Grunt/cuny-git/CTSproject/, , Project: ProjectReference(file:/C:/Users/Alienware%20Grunt/cuny-git/CTSproject/,root)))
Reading next message from client.
Sending msg to client play-fork-run-b4e11e7f-68e9-477f-8d01-81ee98156994: (7,ExecutionRequestReceived(12))
Sending msg to client play-fork-run-b4e11e7f-68e9-477f-8d01-81ee98156994: ExecutionWaiting(12,{file:/C:/Users/Alienware%20Grunt/cuny-git/CTSproject/}root/*:playForkConfig,ClientInfo(b4e11e7f-68e9-477f-8d01-81ee98156994,play-fork-run,Play Fork Run,1,Vector()))
Sending msg to client play-fork-run-b4e11e7f-68e9-477f-8d01-81ee98156994: ExecutionStarting(12)
Sending msg to client play-fork-run-b4e11e7f-68e9-477f-8d01-81ee98156994: DetachedLogEvent(LogMessage(debug,> {file:/C:/Users/Alienware%20Grunt/cuny-git/CTSproject/}root/*:playForkConfig))
Sending msg to client play-fork-run-b4e11e7f-68e9-477f-8d01-81ee98156994: DetachedLogEvent(LogMessage(debug,Evaluating tasks: *:playForkConfig))
Sending msg to client play-fork-run-b4e11e7f-68e9-477f-8d01-81ee98156994: DetachedLogEvent(LogMessage(debug,Running task... Cancel: sbt.server.ServerTaskCancellation@69d07d55, check cycles: false))
Sending msg to client play-fork-run-b4e11e7f-68e9-477f-8d01-81ee98156994: DetachedLogEvent(LogMessage(debug,cancel strategy start enabled=true lastCommand=Some(LastCommand(CommandExecutionWork(ExecutionId(12),{file:/C:/Users/Alienware%20Grunt/cuny-git/CTSproject/}root/*:playForkConfig,Set(LiveClient(play-fork-run b4e11e7f-68e9-477f-8d01-81ee98156994)),sbt.server.WorkCancellationStatus$$anon$1@7ee8cb3e)))))
Sending msg to client play-fork-run-b4e11e7f-68e9-477f-8d01-81ee98156994: TaskStarted(12,850,Some(AttributeKey[scala.collection.Seq[java.lang.String]]("javaOptions") in Scope(Global)))
Sending msg to client play-fork-run-b4e11e7f-68e9-477f-8d01-81ee98156994: TaskStarted(12,854,None)
Sending msg to client play-fork-run-b4e11e7f-68e9-477f-8d01-81ee98156994: TaskStarted(12,856,Some(AttributeKey[boolean]("skip") in Scope(Global)))
Sending msg to client play-fork-run-b4e11e7f-68e9-477f-8d01-81ee98156994: TaskStarted(12,858,None)
Sending msg to client play-fork-run-b4e11e7f-68e9-477f-8d01-81ee98156994: TaskStarted(12,861,None)
Sending msg to client play-fork-run-b4e11e7f-68e9-477f-8d01-81ee98156994: TaskStarted(12,865,Some(AttributeKey[java.lang.String]("updateCacheName") in Scope(Build: file:/C:/Users/Alienware%20Grunt/cuny-git/CTSproject/, , Project: ProjectReference(file:/C:/Users/Alienware%20Grunt/cuny-git/CTSproject/,root))))
Sending msg to client play-fork-run-b4e11e7f-68e9-477f-8d01-81ee98156994: TaskStarted(12,872,Some(AttributeKey[scala.collection.Seq[sbt.Credentials]]("credentials") in Scope(Global)))
Sending msg to client play-fork-run-b4e11e7f-68e9-477f-8d01-81ee98156994: TaskStarted(12,875,Some(AttributeKey[scala.Option[scala.collection.Seq[sbt.Resolver]]]("bootResolvers") in Scope(Build: file:/C:/Users/Alienware%20Grunt/cuny-git/CTSproject/, , Project: ProjectReference(file:/C:/Users/Alienware%20Grunt/cuny-git/CTSproject/,root))))
Sending msg to client play-fork-run-b4e11e7f-68e9-477f-8d01-81ee98156994: TaskStarted(12,879,Some(AttributeKey[scala.collection.Seq[sbt.Resolver]]("externalResolvers") in Scope(Build: file:/C:/Users/Alienware%20Grunt/cuny-git/CTSproject/, , Project: ProjectReference(file:/C:/Users/Alienware%20Grunt/cuny-git/CTSproject/,root))))
Sending msg to client play-fork-run-b4e11e7f-68e9-477f-8d01-81ee98156994: TaskStarted(12,881,None)
Sending msg to client play-fork-run-b4e11e7f-68e9-477f-8d01-81ee98156994: TaskStarted(12,884,None)
Sending msg to client play-fork-run-b4e11e7f-68e9-477f-8d01-81ee98156994: TaskStarted(12,885,None)
Sending msg to client play-fork-run-b4e11e7f-68e9-477f-8d01-81ee98156994: TaskStarted(12,887,Some(AttributeKey[scala.Tuple2[java.lang.String,java.io.File]]("playPrefixAndAssets") in Scope(Build: file:/C:/Users/Alienware%20Grunt/cuny-git/CTSproject/, , Project: ProjectReference(file:/C:/Users/Alienware%20Grunt/cuny-git/CTSproject/,root))))
Sending msg to client play-fork-run-b4e11e7f-68e9-477f-8d01-81ee98156994: TaskStarted(12,889,None)
Sending msg to client play-fork-run-b4e11e7f-68e9-477f-8d01-81ee98156994: TaskStarted(12,890,Some(AttributeKey[scala.Option[java.lang.String]]("mainClass") in Scope(Build: file:/C:/Users/Alienware%20Grunt/cuny-git/CTSproject/, , Project: ProjectReference(file:/C:/Users/Alienware%20Grunt/cuny-git/CTSproject/,root), Config: compile, Task: AttributeKey[void]("run"))))
Sending msg to client play-fork-run-b4e11e7f-68e9-477f-8d01-81ee98156994: TaskStarted(12,900,None)
Sending msg to client play-fork-run-b4e11e7f-68e9-477f-8d01-81ee98156994: TaskFinished(12,856,Some(AttributeKey[boolean]("skip") in Scope(Global)),true,None)
Sending msg to client play-fork-run-b4e11e7f-68e9-477f-8d01-81ee98156994: TaskFinished(12,850,Some(AttributeKey[scala.collection.Seq[java.lang.String]]("javaOptions") in Scope(Global)),true,None)
Sending msg to client play-fork-run-b4e11e7f-68e9-477f-8d01-81ee98156994: TaskFinished(12,854,None,true,None)
Sending msg to client play-fork-run-b4e11e7f-68e9-477f-8d01-81ee98156994: TaskStarted(12,853,None)
Sending msg to client play-fork-run-b4e11e7f-68e9-477f-8d01-81ee98156994: TaskStarted(12,864,None)
Sending msg to client play-fork-run-b4e11e7f-68e9-477f-8d01-81ee98156994: TaskStarted(12,871,None)
Sending msg to client play-fork-run-b4e11e7f-68e9-477f-8d01-81ee98156994: TaskStarted(12,878,None)
Sending msg to client play-fork-run-b4e11e7f-68e9-477f-8d01-81ee98156994: TaskStarted(12,880,None)
Sending msg to client play-fork-run-b4e11e7f-68e9-477f-8d01-81ee98156994: TaskStarted(12,892,None)
Sending msg to client play-fork-run-b4e11e7f-68e9-477f-8d01-81ee98156994: TaskStarted(12,895,None)
Sending msg to client play-fork-run-b4e11e7f-68e9-477f-8d01-81ee98156994: TaskStarted(12,903,None)
Sending msg to client play-fork-run-b4e11e7f-68e9-477f-8d01-81ee98156994: TaskFinished(12,872,Some(AttributeKey[scala.collection.Seq[sbt.Credentials]]("credentials") in Scope(Global)),true,None)
Sending msg to client play-fork-run-b4e11e7f-68e9-477f-8d01-81ee98156994: TaskFinished(12,875,Some(AttributeKey[scala.Option[scala.collection.Seq[sbt.Resolver]]]("bootResolvers") in Scope(Build: file:/C:/Users/Alienware%20Grunt/cuny-git/CTSproject/, , Project: ProjectReference(file:/C:/Users/Alienware%20Grunt/cuny-git/CTSproject/,root))),true,None)
Sending msg to client play-fork-run-b4e11e7f-68e9-477f-8d01-81ee98156994: TaskFinished(12,879,Some(AttributeKey[scala.collection.Seq[sbt.Resolver]]("externalResolvers") in Scope(Build: file:/C:/Users/Alienware%20Grunt/cuny-git/CTSproject/, , Project: ProjectReference(file:/C:/Users/Alienware%20Grunt/cuny-git/CTSproject/,root))),true,None)
Sending msg to client play-fork-run-b4e11e7f-68e9-477f-8d01-81ee98156994: TaskFinished(12,865,Some(AttributeKey[java.lang.String]("updateCacheName") in Scope(Build: file:/C:/Users/Alienware%20Grunt/cuny-git/CTSproject/, , Project: ProjectReference(file:/C:/Users/Alienware%20Grunt/cuny-git/CTSproject/,root))),true,None)
Sending msg to client play-fork-run-b4e11e7f-68e9-477f-8d01-81ee98156994: TaskFinished(12,881,None,true,None)
Sending msg to client play-fork-run-b4e11e7f-68e9-477f-8d01-81ee98156994: TaskFinished(12,885,None,true,None)
Sending msg to client play-fork-run-b4e11e7f-68e9-477f-8d01-81ee98156994: TaskFinished(12,887,Some(AttributeKey[scala.Tuple2[java.lang.String,java.io.File]]("playPrefixAndAssets") in Scope(Build: file:/C:/Users/Alienware%20Grunt/cuny-git/CTSproject/, , Project: ProjectReference(file:/C:/Users/Alienware%20Grunt/cuny-git/CTSproject/,root))),true,None)
Sending msg to client play-fork-run-b4e11e7f-68e9-477f-8d01-81ee98156994: TaskStarted(12,886,Some(AttributeKey[scala.collection.Seq[scala.Tuple2[java.lang.String,java.io.File]]]("playAllAssets") in Scope(Build: file:/C:/Users/Alienware%20Grunt/cuny-git/CTSproject/, , Project: ProjectReference(file:/C:/Users/Alienware%20Grunt/cuny-git/CTSproject/,root))))
Sending msg to client play-fork-run-b4e11e7f-68e9-477f-8d01-81ee98156994: TaskFinished(12,889,None,true,None)
Sending msg to client play-fork-run-b4e11e7f-68e9-477f-8d01-81ee98156994: TaskFinished(12,890,Some(AttributeKey[scala.Option[java.lang.String]]("mainClass") in Scope(Build: file:/C:/Users/Alienware%20Grunt/cuny-git/CTSproject/, , Project: ProjectReference(file:/C:/Users/Alienware%20Grunt/cuny-git/CTSproject/,root), Config: compile, Task: AttributeKey[void]("run"))),true,None)
Sending msg to client play-fork-run-b4e11e7f-68e9-477f-8d01-81ee98156994: TaskFinished(12,900,None,true,None)
Sending msg to client play-fork-run-b4e11e7f-68e9-477f-8d01-81ee98156994: TaskFinished(12,853,None,true,None)
Sending msg to client play-fork-run-b4e11e7f-68e9-477f-8d01-81ee98156994: TaskFinished(12,864,None,true,None)
Sending msg to client play-fork-run-b4e11e7f-68e9-477f-8d01-81ee98156994: TaskFinished(12,858,None,true,None)
Sending msg to client play-fork-run-b4e11e7f-68e9-477f-8d01-81ee98156994: TaskFinished(12,878,None,true,None)
Sending msg to client play-fork-run-b4e11e7f-68e9-477f-8d01-81ee98156994: TaskFinished(12,880,None,true,None)
Sending msg to client play-fork-run-b4e11e7f-68e9-477f-8d01-81ee98156994: TaskFinished(12,892,None,true,None)
Sending msg to client play-fork-run-b4e11e7f-68e9-477f-8d01-81ee98156994: TaskFinished(12,871,None,true,None)
Sending msg to client play-fork-run-b4e11e7f-68e9-477f-8d01-81ee98156994: TaskFinished(12,903,None,true,None)
Sending msg to client play-fork-run-b4e11e7f-68e9-477f-8d01-81ee98156994: TaskFinished(12,886,Some(AttributeKey[scala.collection.Seq[scala.Tuple2[java.lang.String,java.io.File]]]("playAllAssets") in Scope(Build: file:/C:/Users/Alienware%20Grunt/cuny-git/CTSproject/, , Project: ProjectReference(file:/C:/Users/Alienware%20Grunt/cuny-git/CTSproject/,root))),true,None)
Sending msg to client play-fork-run-b4e11e7f-68e9-477f-8d01-81ee98156994: TaskFinished(12,895,None,true,None)
Sending msg to client play-fork-run-b4e11e7f-68e9-477f-8d01-81ee98156994: TaskFinished(12,861,None,true,None)
Sending msg to client play-fork-run-b4e11e7f-68e9-477f-8d01-81ee98156994: TaskStarted(12,860,Some(AttributeKey[sbt.BuildStructure]("buildStructure") in Scope(Global)))
Sending msg to client play-fork-run-b4e11e7f-68e9-477f-8d01-81ee98156994: TaskStarted(12,863,Some(AttributeKey[scala.collection.immutable.Map[sbt.ModuleID,sbt.SourcePosition]]("dependencyPositions") in Scope(Build: file:/C:/Users/Alienware%20Grunt/cuny-git/CTSproject/, , Project: ProjectReference(file:/C:/Users/Alienware%20Grunt/cuny-git/CTSproject/,root))))
Sending msg to client play-fork-run-b4e11e7f-68e9-477f-8d01-81ee98156994: TaskStarted(12,882,Some(AttributeKey[java.io.File]("dependencyCacheDirectory") in Scope(Build: file:/C:/Users/Alienware%20Grunt/cuny-git/CTSproject/, , Project: ProjectReference(file:/C:/Users/Alienware%20Grunt/cuny-git/CTSproject/,root))))
Sending msg to client play-fork-run-b4e11e7f-68e9-477f-8d01-81ee98156994: TaskFinished(12,882,Some(AttributeKey[java.io.File]("dependencyCacheDirectory") in Scope(Build: file:/C:/Users/Alienware%20Grunt/cuny-git/CTSproject/, , Project: ProjectReference(file:/C:/Users/Alienware%20Grunt/cuny-git/CTSproject/,root))),true,None)
Sending msg to client play-fork-run-b4e11e7f-68e9-477f-8d01-81ee98156994: TaskFinished(12,863,Some(AttributeKey[scala.collection.immutable.Map[sbt.ModuleID,sbt.SourcePosition]]("dependencyPositions") in Scope(Build: file:/C:/Users/Alienware%20Grunt/cuny-git/CTSproject/, , Project: ProjectReference(file:/C:/Users/Alienware%20Grunt/cuny-git/CTSproject/,root))),true,None)
Sending msg to client play-fork-run-b4e11e7f-68e9-477f-8d01-81ee98156994: TaskStarted(12,862,Some(AttributeKey[sbt.UnresolvedWarningConfiguration]("unresolvedWarningConfiguration") in Scope(Build: file:/C:/Users/Alienware%20Grunt/cuny-git/CTSproject/, , Project: ProjectReference(file:/C:/Users/Alienware%20Grunt/cuny-git/CTSproject/,root), Task: AttributeKey[sbt.UpdateReport]("update"))))
Sending msg to client play-fork-run-b4e11e7f-68e9-477f-8d01-81ee98156994: TaskFinished(12,884,None,true,None)
Sending msg to client play-fork-run-b4e11e7f-68e9-477f-8d01-81ee98156994: TaskStarted(12,883,Some(AttributeKey[scala.collection.Seq[sbt.UpdateReport]]("transitiveUpdate") in Scope(Build: file:/C:/Users/Alienware%20Grunt/cuny-git/CTSproject/, , Project: ProjectReference(file:/C:/Users/Alienware%20Grunt/cuny-git/CTSproject/,root))))
Sending msg to client play-fork-run-b4e11e7f-68e9-477f-8d01-81ee98156994: TaskFinished(12,860,Some(AttributeKey[sbt.BuildStructure]("buildStructure") in Scope(Global)),true,None)
Sending msg to client play-fork-run-b4e11e7f-68e9-477f-8d01-81ee98156994: TaskStarted(12,859,Some(AttributeKey[sbt.Settings[sbt.Scope]]("settingsData") in Scope(Global)))
Sending msg to client play-fork-run-b4e11e7f-68e9-477f-8d01-81ee98156994: TaskFinished(12,862,Some(AttributeKey[sbt.UnresolvedWarningConfiguration]("unresolvedWarningConfiguration") in Scope(Build: file:/C:/Users/Alienware%20Grunt/cuny-git/CTSproject/, , Project: ProjectReference(file:/C:/Users/Alienware%20Grunt/cuny-git/CTSproject/,root), Task: AttributeKey[sbt.UpdateReport]("update"))),true,None)
Sending msg to client play-fork-run-b4e11e7f-68e9-477f-8d01-81ee98156994: TaskFinished(12,883,Some(AttributeKey[scala.collection.Seq[sbt.UpdateReport]]("transitiveUpdate") in Scope(Build: file:/C:/Users/Alienware%20Grunt/cuny-git/CTSproject/, , Project: ProjectReference(file:/C:/Users/Alienware%20Grunt/cuny-git/CTSproject/,root))),true,None)
Sending msg to client play-fork-run-b4e11e7f-68e9-477f-8d01-81ee98156994: TaskFinished(12,859,Some(AttributeKey[sbt.Settings[sbt.Scope]]("settingsData") in Scope(Global)),true,None)
Sending msg to client play-fork-run-b4e11e7f-68e9-477f-8d01-81ee98156994: TaskStarted(12,857,None)
Sending msg to client play-fork-run-b4e11e7f-68e9-477f-8d01-81ee98156994: TaskStarted(12,869,Some(AttributeKey[scala.collection.Seq[sbt.ModuleID]]("projectDependencies") in Scope(Build: file:/C:/Users/Alienware%20Grunt/cuny-git/CTSproject/, , Project: ProjectReference(file:/C:/Users/Alienware%20Grunt/cuny-git/CTSproject/,root))))
Sending msg to client play-fork-run-b4e11e7f-68e9-477f-8d01-81ee98156994: TaskStarted(12,877,Some(AttributeKey[scala.collection.immutable.Map[org.apache.ivy.core.module.id.ModuleRevisionId,org.apache.ivy.core.module.descriptor.ModuleDescriptor]]("projectDescriptors") in Scope(Build: file:/C:/Users/Alienware%20Grunt/cuny-git/CTSproject/, , Project: ProjectReference(file:/C:/Users/Alienware%20Grunt/cuny-git/CTSproject/,root))))
Sending msg to client play-fork-run-b4e11e7f-68e9-477f-8d01-81ee98156994: TaskStarted(12,888,Some(AttributeKey[scala.collection.Seq[java.io.File]]("playMonitoredFiles") in Scope(Build: file:/C:/Users/Alienware%20Grunt/cuny-git/CTSproject/, , Project: ProjectReference(file:/C:/Users/Alienware%20Grunt/cuny-git/CTSproject/,root))))
Sending msg to client play-fork-run-b4e11e7f-68e9-477f-8d01-81ee98156994: TaskStarted(12,902,None)
Sending msg to client play-fork-run-b4e11e7f-68e9-477f-8d01-81ee98156994: TaskStarted(12,905,None)
Sending msg to client play-fork-run-b4e11e7f-68e9-477f-8d01-81ee98156994: TaskFinished(12,869,Some(AttributeKey[scala.collection.Seq[sbt.ModuleID]]("projectDependencies") in Scope(Build: file:/C:/Users/Alienware%20Grunt/cuny-git/CTSproject/, , Project: ProjectReference(file:/C:/Users/Alienware%20Grunt/cuny-git/CTSproject/,root))),true,None)
Sending msg to client play-fork-run-b4e11e7f-68e9-477f-8d01-81ee98156994: TaskStarted(12,868,Some(AttributeKey[scala.collection.Seq[sbt.ModuleID]]("allDependencies") in Scope(Build: file:/C:/Users/Alienware%20Grunt/cuny-git/CTSproject/, , Project: ProjectReference(file:/C:/Users/Alienware%20Grunt/cuny-git/CTSproject/,root))))
Sending msg to client play-fork-run-b4e11e7f-68e9-477f-8d01-81ee98156994: TaskStarted(12,907,None)
Sending msg to client play-fork-run-b4e11e7f-68e9-477f-8d01-81ee98156994: TaskFinished(12,905,None,true,None)
Sending msg to client play-fork-run-b4e11e7f-68e9-477f-8d01-81ee98156994: TaskFinished(12,857,None,true,None)
Sending msg to client play-fork-run-b4e11e7f-68e9-477f-8d01-81ee98156994: TaskFinished(12,907,None,true,None)
Sending msg to client play-fork-run-b4e11e7f-68e9-477f-8d01-81ee98156994: TaskStarted(12,906,None)
Sending msg to client play-fork-run-b4e11e7f-68e9-477f-8d01-81ee98156994: TaskFinished(12,906,None,true,None)
Sending msg to client play-fork-run-b4e11e7f-68e9-477f-8d01-81ee98156994: TaskFinished(12,877,Some(AttributeKey[scala.collection.immutable.Map[org.apache.ivy.core.module.id.ModuleRevisionId,org.apache.ivy.core.module.descriptor.ModuleDescriptor]]("projectDescriptors") in Scope(Build: file:/C:/Users/Alienware%20Grunt/cuny-git/CTSproject/, , Project: ProjectReference(file:/C:/Users/Alienware%20Grunt/cuny-git/CTSproject/,root))),true,None)
Sending msg to client play-fork-run-b4e11e7f-68e9-477f-8d01-81ee98156994: TaskStarted(12,876,Some(AttributeKey[sbt.Resolver]("projectResolver") in Scope(Build: file:/C:/Users/Alienware%20Grunt/cuny-git/CTSproject/, , Project: ProjectReference(file:/C:/Users/Alienware%20Grunt/cuny-git/CTSproject/,root))))
Sending msg to client play-fork-run-b4e11e7f-68e9-477f-8d01-81ee98156994: TaskFinished(12,876,Some(AttributeKey[sbt.Resolver]("projectResolver") in Scope(Build: file:/C:/Users/Alienware%20Grunt/cuny-git/CTSproject/, , Project: ProjectReference(file:/C:/Users/Alienware%20Grunt/cuny-git/CTSproject/,root))),true,None)
Sending msg to client play-fork-run-b4e11e7f-68e9-477f-8d01-81ee98156994: TaskStarted(12,874,Some(AttributeKey[scala.collection.Seq[sbt.Resolver]]("fullResolvers") in Scope(Build: file:/C:/Users/Alienware%20Grunt/cuny-git/CTSproject/, , Project: ProjectReference(file:/C:/Users/Alienware%20Grunt/cuny-git/CTSproject/,root))))
Sending msg to client play-fork-run-b4e11e7f-68e9-477f-8d01-81ee98156994: TaskFinished(12,874,Some(AttributeKey[scala.collection.Seq[sbt.Resolver]]("fullResolvers") in Scope(Build: file:/C:/Users/Alienware%20Grunt/cuny-git/CTSproject/, , Project: ProjectReference(file:/C:/Users/Alienware%20Grunt/cuny-git/CTSproject/,root))),true,None)
Sending msg to client play-fork-run-b4e11e7f-68e9-477f-8d01-81ee98156994: TaskStarted(12,873,Some(AttributeKey[sbt.IvyConfiguration]("ivyConfiguration") in Scope(Build: file:/C:/Users/Alienware%20Grunt/cuny-git/CTSproject/, , Project: ProjectReference(file:/C:/Users/Alienware%20Grunt/cuny-git/CTSproject/,root))))
Sending msg to client play-fork-run-b4e11e7f-68e9-477f-8d01-81ee98156994: TaskStarted(12,908,None)
Sending msg to client play-fork-run-b4e11e7f-68e9-477f-8d01-81ee98156994: TaskFinished(12,868,Some(AttributeKey[scala.collection.Seq[sbt.ModuleID]]("allDependencies") in Scope(Build: file:/C:/Users/Alienware%20Grunt/cuny-git/CTSproject/, , Project: ProjectReference(file:/C:/Users/Alienware%20Grunt/cuny-git/CTSproject/,root))),true,None)
Sending msg to client play-fork-run-b4e11e7f-68e9-477f-8d01-81ee98156994: TaskStarted(12,867,Some(AttributeKey[sbt.ModuleSettings]("moduleSettings") in Scope(Build: file:/C:/Users/Alienware%20Grunt/cuny-git/CTSproject/, , Project: ProjectReference(file:/C:/Users/Alienware%20Grunt/cuny-git/CTSproject/,root))))
Sending msg to client play-fork-run-b4e11e7f-68e9-477f-8d01-81ee98156994: TaskFinished(12,873,Some(AttributeKey[sbt.IvyConfiguration]("ivyConfiguration") in Scope(Build: file:/C:/Users/Alienware%20Grunt/cuny-git/CTSproject/, , Project: ProjectReference(file:/C:/Users/Alienware%20Grunt/cuny-git/CTSproject/,root))),true,None)
Sending msg to client play-fork-run-b4e11e7f-68e9-477f-8d01-81ee98156994: TaskStarted(12,870,Some(AttributeKey[sbt.IvySbt]("ivySbt") in Scope(Build: file:/C:/Users/Alienware%20Grunt/cuny-git/CTSproject/, , Project: ProjectReference(file:/C:/Users/Alienware%20Grunt/cuny-git/CTSproject/,root))))
Sending msg to client play-fork-run-b4e11e7f-68e9-477f-8d01-81ee98156994: TaskFinished(12,908,None,true,None)
Sending msg to client play-fork-run-b4e11e7f-68e9-477f-8d01-81ee98156994: TaskFinished(12,888,Some(AttributeKey[scala.collection.Seq[java.io.File]]("playMonitoredFiles") in Scope(Build: file:/C:/Users/Alienware%20Grunt/cuny-git/CTSproject/, , Project: ProjectReference(file:/C:/Users/Alienware%20Grunt/cuny-git/CTSproject/,root))),true,None)
Sending msg to client play-fork-run-b4e11e7f-68e9-477f-8d01-81ee98156994: TaskFinished(12,867,Some(AttributeKey[sbt.ModuleSettings]("moduleSettings") in Scope(Build: file:/C:/Users/Alienware%20Grunt/cuny-git/CTSproject/, , Project: ProjectReference(file:/C:/Users/Alienware%20Grunt/cuny-git/CTSproject/,root))),true,None)
Sending msg to client play-fork-run-b4e11e7f-68e9-477f-8d01-81ee98156994: TaskFinished(12,870,Some(AttributeKey[sbt.IvySbt]("ivySbt") in Scope(Build: file:/C:/Users/Alienware%20Grunt/cuny-git/CTSproject/, , Project: ProjectReference(file:/C:/Users/Alienware%20Grunt/cuny-git/CTSproject/,root))),true,None)
Sending msg to client play-fork-run-b4e11e7f-68e9-477f-8d01-81ee98156994: TaskStarted(12,866,Some(AttributeKey[sbt.IvySbt$Module]("ivyModule") in Scope(Build: file:/C:/Users/Alienware%20Grunt/cuny-git/CTSproject/, , Project: ProjectReference(file:/C:/Users/Alienware%20Grunt/cuny-git/CTSproject/,root))))
Sending msg to client play-fork-run-b4e11e7f-68e9-477f-8d01-81ee98156994: TaskStarted(12,913,None)
Sending msg to client play-fork-run-b4e11e7f-68e9-477f-8d01-81ee98156994: TaskStarted(12,915,None)
Sending msg to client play-fork-run-b4e11e7f-68e9-477f-8d01-81ee98156994: TaskStarted(12,916,None)
Sending msg to client play-fork-run-b4e11e7f-68e9-477f-8d01-81ee98156994: TaskStarted(12,918,None)
Sending msg to client play-fork-run-b4e11e7f-68e9-477f-8d01-81ee98156994: TaskStarted(12,919,None)
Sending msg to client play-fork-run-b4e11e7f-68e9-477f-8d01-81ee98156994: TaskFinished(12,916,None,true,None)
Sending msg to client play-fork-run-b4e11e7f-68e9-477f-8d01-81ee98156994: TaskFinished(12,918,None,true,None)
Sending msg to client play-fork-run-b4e11e7f-68e9-477f-8d01-81ee98156994: TaskFinished(12,913,None,true,None)
Sending msg to client play-fork-run-b4e11e7f-68e9-477f-8d01-81ee98156994: TaskStarted(12,912,None)
Sending msg to client play-fork-run-b4e11e7f-68e9-477f-8d01-81ee98156994: TaskFinished(12,866,Some(AttributeKey[sbt.IvySbt$Module]("ivyModule") in Scope(Build: file:/C:/Users/Alienware%20Grunt/cuny-git/CTSproject/, , Project: ProjectReference(file:/C:/Users/Alienware%20Grunt/cuny-git/CTSproject/,root))),true,None)
Sending msg to client play-fork-run-b4e11e7f-68e9-477f-8d01-81ee98156994: TaskStarted(12,855,Some(AttributeKey[sbt.UpdateReport]("update") in Scope(Build: file:/C:/Users/Alienware%20Grunt/cuny-git/CTSproject/, , Project: ProjectReference(file:/C:/Users/Alienware%20Grunt/cuny-git/CTSproject/,root))))
Sending msg to client play-fork-run-b4e11e7f-68e9-477f-8d01-81ee98156994: TaskFinished(12,915,None,true,None)
Sending msg to client play-fork-run-b4e11e7f-68e9-477f-8d01-81ee98156994: TaskStarted(12,914,Some(AttributeKey[scala.collection.Seq[sbt.Attributed[java.io.File]]]("unmanagedJars") in Scope(Build: file:/C:/Users/Alienware%20Grunt/cuny-git/CTSproject/, , Project: ProjectReference(file:/C:/Users/Alienware%20Grunt/cuny-git/CTSproject/,root), Config: compile)))
Sending msg to client play-fork-run-b4e11e7f-68e9-477f-8d01-81ee98156994: TaskFinished(12,919,None,true,None)
Sending msg to client play-fork-run-b4e11e7f-68e9-477f-8d01-81ee98156994: TaskStarted(12,917,Some(AttributeKey[scala.collection.Seq[sbt.Attributed[java.io.File]]]("unmanagedJars") in Scope(Build: file:/C:/Users/Alienware%20Grunt/cuny-git/CTSproject/, , Project: ProjectReference(file:/C:/Users/Alienware%20Grunt/cuny-git/CTSproject/,root), Config: runtime)))
Sending msg to client play-fork-run-b4e11e7f-68e9-477f-8d01-81ee98156994: TaskFinished(12,917,Some(AttributeKey[scala.collection.Seq[sbt.Attributed[java.io.File]]]("unmanagedJars") in Scope(Build: file:/C:/Users/Alienware%20Grunt/cuny-git/CTSproject/, , Project: ProjectReference(file:/C:/Users/Alienware%20Grunt/cuny-git/CTSproject/,root), Config: runtime)),true,None)
Sending msg to client play-fork-run-b4e11e7f-68e9-477f-8d01-81ee98156994: TaskStarted(12,920,None)
Sending msg to client play-fork-run-b4e11e7f-68e9-477f-8d01-81ee98156994: TaskFinished(12,920,None,true,None)
Sending msg to client play-fork-run-b4e11e7f-68e9-477f-8d01-81ee98156994: TaskFinished(12,912,None,true,None)
Sending msg to client play-fork-run-b4e11e7f-68e9-477f-8d01-81ee98156994: TaskFinished(12,914,Some(AttributeKey[scala.collection.Seq[sbt.Attributed[java.io.File]]]("unmanagedJars") in Scope(Build: file:/C:/Users/Alienware%20Grunt/cuny-git/CTSproject/, , Project: ProjectReference(file:/C:/Users/Alienware%20Grunt/cuny-git/CTSproject/,root), Config: compile)),true,None)
Sending msg to client play-fork-run-b4e11e7f-68e9-477f-8d01-81ee98156994: TaskStarted(12,911,Some(AttributeKey[scala.collection.Seq[sbt.Attributed[java.io.File]]]("unmanagedJars") in Scope(Build: file:/C:/Users/Alienware%20Grunt/cuny-git/CTSproject/, , Project: ProjectReference(file:/C:/Users/Alienware%20Grunt/cuny-git/CTSproject/,root), Config: compile)))
Sending msg to client play-fork-run-b4e11e7f-68e9-477f-8d01-81ee98156994: TaskFinished(12,911,Some(AttributeKey[scala.collection.Seq[sbt.Attributed[java.io.File]]]("unmanagedJars") in Scope(Build: file:/C:/Users/Alienware%20Grunt/cuny-git/CTSproject/, , Project: ProjectReference(file:/C:/Users/Alienware%20Grunt/cuny-git/CTSproject/,root), Config: compile)),true,None)
Sending msg to client play-fork-run-b4e11e7f-68e9-477f-8d01-81ee98156994: TaskStarted(12,910,None)
Sending msg to client play-fork-run-b4e11e7f-68e9-477f-8d01-81ee98156994: TaskFinished(12,910,None,true,None)
Sending msg to client play-fork-run-b4e11e7f-68e9-477f-8d01-81ee98156994: TaskStarted(12,909,None)
Sending msg to client play-fork-run-b4e11e7f-68e9-477f-8d01-81ee98156994: TaskFinished(12,909,None,true,None)
Sending msg to client play-fork-run-b4e11e7f-68e9-477f-8d01-81ee98156994: TaskFinished(12,902,None,true,None)
Sending msg to client play-fork-run-b4e11e7f-68e9-477f-8d01-81ee98156994: TaskStarted(12,901,Some(AttributeKey[scala.collection.Seq[sbt.Attributed[java.io.File]]]("unmanagedClasspath") in Scope(Build: file:/C:/Users/Alienware%20Grunt/cuny-git/CTSproject/, , Project: ProjectReference(file:/C:/Users/Alienware%20Grunt/cuny-git/CTSproject/,root), Config: runtime)))
Sending msg to client play-fork-run-b4e11e7f-68e9-477f-8d01-81ee98156994: TaskFinished(12,901,Some(AttributeKey[scala.collection.Seq[sbt.Attributed[java.io.File]]]("unmanagedClasspath") in Scope(Build: file:/C:/Users/Alienware%20Grunt/cuny-git/CTSproject/, , Project: ProjectReference(file:/C:/Users/Alienware%20Grunt/cuny-git/CTSproject/,root), Config: runtime)),true,None)
Sending msg to client play-fork-run-b4e11e7f-68e9-477f-8d01-81ee98156994: TaskFinished(12,855,Some(AttributeKey[sbt.UpdateReport]("update") in Scope(Build: file:/C:/Users/Alienware%20Grunt/cuny-git/CTSproject/, , Project: ProjectReference(file:/C:/Users/Alienware%20Grunt/cuny-git/CTSproject/,root))),true,None)
Sending msg to client play-fork-run-b4e11e7f-68e9-477f-8d01-81ee98156994: TaskStarted(12,852,Some(AttributeKey[sbt.UpdateReport]("update") in Scope(Build: file:/C:/Users/Alienware%20Grunt/cuny-git/CTSproject/, , Project: ProjectReference(file:/C:/Users/Alienware%20Grunt/cuny-git/CTSproject/,root))))
Sending msg to client play-fork-run-b4e11e7f-68e9-477f-8d01-81ee98156994: TaskFinished(12,852,Some(AttributeKey[sbt.UpdateReport]("update") in Scope(Build: file:/C:/Users/Alienware%20Grunt/cuny-git/CTSproject/, , Project: ProjectReference(file:/C:/Users/Alienware%20Grunt/cuny-git/CTSproject/,root))),true,None)
Sending msg to client play-fork-run-b4e11e7f-68e9-477f-8d01-81ee98156994: TaskStarted(12,851,Some(AttributeKey[scala.collection.Seq[sbt.Attributed[java.io.File]]]("managedClasspath") in Scope(Build: file:/C:/Users/Alienware%20Grunt/cuny-git/CTSproject/, , Project: ProjectReference(file:/C:/Users/Alienware%20Grunt/cuny-git/CTSproject/,root), Config: docs)))
Sending msg to client play-fork-run-b4e11e7f-68e9-477f-8d01-81ee98156994: TaskStarted(12,899,Some(AttributeKey[sbt.Configuration]("classpathConfiguration") in Scope(Build: file:/C:/Users/Alienware%20Grunt/cuny-git/CTSproject/, , Project: ProjectReference(file:/C:/Users/Alienware%20Grunt/cuny-git/CTSproject/,root), Config: compile)))
Sending msg to client play-fork-run-b4e11e7f-68e9-477f-8d01-81ee98156994: TaskFinished(12,851,Some(AttributeKey[scala.collection.Seq[sbt.Attributed[java.io.File]]]("managedClasspath") in Scope(Build: file:/C:/Users/Alienware%20Grunt/cuny-git/CTSproject/, , Project: ProjectReference(file:/C:/Users/Alienware%20Grunt/cuny-git/CTSproject/,root), Config: docs)),true,None)
Sending msg to client play-fork-run-b4e11e7f-68e9-477f-8d01-81ee98156994: TaskStarted(12,904,Some(AttributeKey[scala.Option[java.io.File]]("playDocsJar") in Scope(Build: file:/C:/Users/Alienware%20Grunt/cuny-git/CTSproject/, , Project: ProjectReference(file:/C:/Users/Alienware%20Grunt/cuny-git/CTSproject/,root))))
Sending msg to client play-fork-run-b4e11e7f-68e9-477f-8d01-81ee98156994: TaskFinished(12,899,Some(AttributeKey[sbt.Configuration]("classpathConfiguration") in Scope(Build: file:/C:/Users/Alienware%20Grunt/cuny-git/CTSproject/, , Project: ProjectReference(file:/C:/Users/Alienware%20Grunt/cuny-git/CTSproject/,root), Config: compile)),true,None)
Sending msg to client play-fork-run-b4e11e7f-68e9-477f-8d01-81ee98156994: TaskStarted(12,898,None)
Sending msg to client play-fork-run-b4e11e7f-68e9-477f-8d01-81ee98156994: TaskFinished(12,904,Some(AttributeKey[scala.Option[java.io.File]]("playDocsJar") in Scope(Build: file:/C:/Users/Alienware%20Grunt/cuny-git/CTSproject/, , Project: ProjectReference(file:/C:/Users/Alienware%20Grunt/cuny-git/CTSproject/,root))),true,None)
Sending msg to client play-fork-run-b4e11e7f-68e9-477f-8d01-81ee98156994: TaskFinished(12,898,None,true,None)
Sending msg to client play-fork-run-b4e11e7f-68e9-477f-8d01-81ee98156994: TaskStarted(12,897,Some(AttributeKey[sbt.Configuration]("classpathConfiguration") in Scope(Build: file:/C:/Users/Alienware%20Grunt/cuny-git/CTSproject/, , Project: ProjectReference(file:/C:/Users/Alienware%20Grunt/cuny-git/CTSproject/,root), Config: runtime)))
Sending msg to client play-fork-run-b4e11e7f-68e9-477f-8d01-81ee98156994: TaskFinished(12,897,Some(AttributeKey[sbt.Configuration]("classpathConfiguration") in Scope(Build: file:/C:/Users/Alienware%20Grunt/cuny-git/CTSproject/, , Project: ProjectReference(file:/C:/Users/Alienware%20Grunt/cuny-git/CTSproject/,root), Config: runtime)),true,None)
Sending msg to client play-fork-run-b4e11e7f-68e9-477f-8d01-81ee98156994: TaskStarted(12,896,None)
Sending msg to client play-fork-run-b4e11e7f-68e9-477f-8d01-81ee98156994: TaskFinished(12,896,None,true,None)
Sending msg to client play-fork-run-b4e11e7f-68e9-477f-8d01-81ee98156994: TaskStarted(12,894,Some(AttributeKey[scala.collection.Seq[sbt.Attributed[java.io.File]]]("managedClasspath") in Scope(Build: file:/C:/Users/Alienware%20Grunt/cuny-git/CTSproject/, , Project: ProjectReference(file:/C:/Users/Alienware%20Grunt/cuny-git/CTSproject/,root), Config: runtime)))
Sending msg to client play-fork-run-b4e11e7f-68e9-477f-8d01-81ee98156994: TaskFinished(12,894,Some(AttributeKey[scala.collection.Seq[sbt.Attributed[java.io.File]]]("managedClasspath") in Scope(Build: file:/C:/Users/Alienware%20Grunt/cuny-git/CTSproject/, , Project: ProjectReference(file:/C:/Users/Alienware%20Grunt/cuny-git/CTSproject/,root), Config: runtime)),true,None)
Sending msg to client play-fork-run-b4e11e7f-68e9-477f-8d01-81ee98156994: TaskStarted(12,893,None)
Sending msg to client play-fork-run-b4e11e7f-68e9-477f-8d01-81ee98156994: TaskFinished(12,893,None,true,None)
Sending msg to client play-fork-run-b4e11e7f-68e9-477f-8d01-81ee98156994: TaskStarted(12,891,Some(AttributeKey[scala.collection.Seq[sbt.Attributed[java.io.File]]]("playDependencyClasspath") in Scope(Build: file:/C:/Users/Alienware%20Grunt/cuny-git/CTSproject/, , Project: ProjectReference(file:/C:/Users/Alienware%20Grunt/cuny-git/CTSproject/,root))))
Sending msg to client play-fork-run-b4e11e7f-68e9-477f-8d01-81ee98156994: TaskFinished(12,891,Some(AttributeKey[scala.collection.Seq[sbt.Attributed[java.io.File]]]("playDependencyClasspath") in Scope(Build: file:/C:/Users/Alienware%20Grunt/cuny-git/CTSproject/, , Project: ProjectReference(file:/C:/Users/Alienware%20Grunt/cuny-git/CTSproject/,root))),true,None)
Sending msg to client play-fork-run-b4e11e7f-68e9-477f-8d01-81ee98156994: TaskStarted(12,849,Some(AttributeKey[play.forkrun.protocol.ForkConfig]("playForkConfig") in Scope(Build: file:/C:/Users/Alienware%20Grunt/cuny-git/CTSproject/, , Project: ProjectReference(file:/C:/Users/Alienware%20Grunt/cuny-git/CTSproject/,root))))
Sending msg to client play-fork-run-b4e11e7f-68e9-477f-8d01-81ee98156994: TaskFinished(12,849,Some(AttributeKey[play.forkrun.protocol.ForkConfig]("playForkConfig") in Scope(Build: file:/C:/Users/Alienware%20Grunt/cuny-git/CTSproject/, , Project: ProjectReference(file:/C:/Users/Alienware%20Grunt/cuny-git/CTSproject/,root))),true,None)
Sending msg to client play-fork-run-b4e11e7f-68e9-477f-8d01-81ee98156994: ValueChanged(AttributeKey[play.forkrun.protocol.ForkConfig]("playForkConfig") in Scope(Build: file:/C:/Users/Alienware%20Grunt/cuny-git/CTSproject/, , Project: ProjectReference(file:/C:/Users/Alienware%20Grunt/cuny-git/CTSproject/,root)),TaskSuccess(BuildValue(LazyValue(ForkConfig(C:\Users\Alienware Grunt\cuny-git\CTSproject,List(),List(C:\Users\Alienware Grunt\.ivy2\cache\org.scala-lang\scala-library\jars\scala-library-2.11.6.jar, C:\Users\Alienware Grunt\.ivy2\cache\com.typesafe.play\play-enhancer\jars\play-enhancer-1.1.0.jar, C:\Users\Alienware Grunt\.ivy2\cache\com.typesafe.play\twirl-api_2.11\jars\twirl-api_2.11-1.1.1.jar, C:\Users\Alienware Grunt\.ivy2\cache\org.apache.commons\commons-lang3\jars\commons-lang3-3.4.jar, C:\Users\Alienware Grunt\.ivy2\cache\org.scala-lang.modules\scala-xml_2.11\bundles\scala-xml_2.11-1.0.1.jar, C:\Users\Alienware Grunt\.ivy2\cache\com.typesafe.play\play-ebean_2.11\jars\play-ebean_2.11-1.0.0.jar, C:\Users\Alienware Grunt\.ivy2\cache\com.typesafe.play\play-java-jdbc_2.11\jars\play-java-jdbc_2.11-2.4.3.jar, C:\Users\Alienware Grunt\.ivy2\cache\com.typesafe.play\play-jdbc_2.11\jars\play-jdbc_2.11-2.4.3.jar, C:\Users\Alienware Grunt\.ivy2\cache\com.typesafe.play\play-jdbc-api_2.11\jars\play-jdbc-api_2.11-2.4.3.jar, C:\Users\Alienware Grunt\.ivy2\cache\com.typesafe.play\play_2.11\jars\play_2.11-2.4.3.jar, C:\Users\Alienware Grunt\.ivy2\cache\com.typesafe.play\build-link\jars\build-link-2.4.3.jar, C:\Users\Alienware Grunt\.ivy2\cache\com.typesafe.play\play-exceptions\jars\play-exceptions-2.4.3.jar, C:\Users\Alienware Grunt\.ivy2\cache\org.javassist\javassist\bundles\javassist-3.19.0-GA.jar, C:\Users\Alienware Grunt\.ivy2\cache\com.typesafe.play\play-iteratees_2.11\jars\play-iteratees_2.11-2.4.3.jar, C:\Users\Alienware Grunt\.ivy2\cache\org.scala-stm\scala-stm_2.11\jars\scala-stm_2.11-0.7.jar, C:\Users\Alienware Grunt\.ivy2\cache\com.typesafe\config\bundles\config-1.3.0.jar, C:\Users\Alienware Grunt\.ivy2\cache\com.typesafe.play\play-json_2.11\jars\play-json_2.11-2.4.3.jar, C:\Users\Alienware Grunt\.ivy2\cache\com.typesafe.play\play-functional_2.11\jars\play-functional_2.11-2.4.3.jar, C:\Users\Alienware Grunt\.ivy2\cache\com.typesafe.play\play-datacommons_2.11\jars\play-datacommons_2.11-2.4.3.jar, C:\Users\Alienware Grunt\.ivy2\cache\joda-time\joda-time\jars\joda-time-2.8.1.jar, C:\Users\Alienware Grunt\.ivy2\cache\org.joda\joda-convert\jars\joda-convert-1.7.jar, C:\Users\Alienware Grunt\.ivy2\cache\org.scala-lang\scala-reflect\jars\scala-reflect-2.11.6.jar, C:\Users\Alienware Grunt\.ivy2\cache\com.fasterxml.jackson.core\jackson-core\bundles\jackson-core-2.5.4.jar, C:\Users\Alienware Grunt\.ivy2\cache\com.fasterxml.jackson.core\jackson-annotations\bundles\jackson-annotations-2.5.4.jar, C:\Users\Alienware Grunt\.ivy2\cache\com.fasterxml.jackson.core\jackson-databind\bundles\jackson-databind-2.5.4.jar, C:\Users\Alienware Grunt\.ivy2\cache\com.fasterxml.jackson.datatype\jackson-datatype-jdk8\bundles\jackson-datatype-jdk8-2.5.4.jar, C:\Users\Alienware Grunt\.ivy2\cache\com.fasterxml.jackson.datatype\jackson-datatype-jsr310\bundles\jackson-datatype-jsr310-2.5.4.jar, C:\Users\Alienware Grunt\.ivy2\cache\com.typesafe.play\play-netty-utils\jars\play-netty-utils-2.4.3.jar, C:\Users\Alienware Grunt\.ivy2\cache\org.slf4j\slf4j-api\jars\slf4j-api-1.7.12.jar, C:\Users\Alienware Grunt\.ivy2\cache\org.slf4j\jul-to-slf4j\jars\jul-to-slf4j-1.7.12.jar, C:\Users\Alienware Grunt\.ivy2\cache\org.slf4j\jcl-over-slf4j\jars\jcl-over-slf4j-1.7.12.jar, C:\Users\Alienware Grunt\.ivy2\cache\org.scala-lang.modules\scala-parser-combinators_2.11\bundles\scala-parser-combinators_2.11-1.0.1.jar, C:\Users\Alienware Grunt\.ivy2\cache\ch.qos.logback\logback-core\jars\logback-core-1.1.3.jar, C:\Users\Alienware Grunt\.ivy2\cache\ch.qos.logback\logback-classic\jars\logback-classic-1.1.3.jar, C:\Users\Alienware Grunt\.ivy2\cache\com.typesafe.akka\akka-actor_2.11\jars\akka-actor_2.11-2.3.13.jar, C:\Users\Alienware Grunt\.ivy2\cache\com.typesafe.akka\akka-slf4j_2.11\jars\akka-slf4j_2.11-2.3.13.jar, C:\Users\Alienware Grunt\.ivy2\cache\commons-codec\commons-codec\jars\commons-codec-1.10.jar, C:\Users\Alienware Grunt\.ivy2\cache\xerces\xercesImpl\jars\xercesImpl-2.11.0.jar, C:\Users\Alienware Grunt\.ivy2\cache\xml-apis\xml-apis\jars\xml-apis-1.4.01.jar, C:\Users\Alienware Grunt\.ivy2\cache\javax.transaction\jta\jars\jta-1.1.jar, C:\Users\Alienware Grunt\.ivy2\cache\com.google.inject\guice\jars\guice-4.0.jar, C:\Users\Alienware Grunt\.ivy2\cache\javax.inject\javax.inject\jars\javax.inject-1.jar, C:\Users\Alienware Grunt\.ivy2\cache\aopalliance\aopalliance\jars\aopalliance-1.0.jar, C:\Users\Alienware Grunt\.ivy2\cache\com.google.inject.extensions\guice-assistedinject\jars\guice-assistedinject-4.0.jar, C:\Users\Alienware Grunt\.ivy2\cache\com.jolbox\bonecp\bundles\bonecp-0.8.0.RELEASE.jar, C:\Users\Alienware Grunt\.ivy2\cache\com.zaxxer\HikariCP\bundles\HikariCP-2.3.7.jar, C:\Users\Alienware Grunt\.ivy2\cache\com.h2database\h2\jars\h2-1.4.187.jar, C:\Users\Alienware Grunt\.ivy2\cache\tyrex\tyrex\jars\tyrex-1.0.1.jar, C:\Users\Alienware Grunt\.ivy2\cache\com.typesafe.play\play-java_2.11\jars\play-java_2.11-2.4.3.jar, C:\Users\Alienware Grunt\.ivy2\cache\org.scala-lang.modules\scala-java8-compat_2.11\bundles\scala-java8-compat_2.11-0.3.0.jar, C:\Users\Alienware Grunt\.ivy2\cache\org.yaml\snakeyaml\bundles\snakeyaml-1.15.jar, C:\Users\Alienware Grunt\.ivy2\cache\org.hibernate\hibernate-validator\jars\hibernate-validator-5.0.3.Final.jar, C:\Users\Alienware Grunt\.ivy2\cache\javax.validation\validation-api\jars\validation-api-1.1.0.Final.jar, C:\Users\Alienware Grunt\.ivy2\cache\com.fasterxml\classmate\bundles\classmate-1.0.0.jar, C:\Users\Alienware Grunt\.ivy2\cache\org.jboss.logging\jboss-logging\jars\jboss-logging-3.2.1.Final.jar, C:\Users\Alienware Grunt\.ivy2\cache\org.springframework\spring-context\jars\spring-context-4.1.6.RELEASE.jar, C:\Users\Alienware Grunt\.ivy2\cache\org.springframework\spring-core\jars\spring-core-4.1.6.RELEASE.jar, C:\Users\Alienware Grunt\.ivy2\cache\org.springframework\spring-beans\jars\spring-beans-4.1.6.RELEASE.jar, C:\Users\Alienware Grunt\.ivy2\cache\org.reflections\reflections\jars\reflections-0.9.9.jar, C:\Users\Alienware Grunt\.ivy2\cache\com.google.guava\guava\bundles\guava-18.0.jar, C:\Users\Alienware Grunt\.ivy2\cache\com.google.code.findbugs\annotations\jars\annotations-2.0.1.jar, C:\Users\Alienware Grunt\.ivy2\cache\net.jodah\typetools\bundles\typetools-0.4.1.jar, C:\Users\Alienware Grunt\.ivy2\cache\com.google.code.findbugs\jsr305\jars\jsr305-2.0.3.jar, C:\Users\Alienware Grunt\.ivy2\cache\org.apache.tomcat\tomcat-servlet-api\jars\tomcat-servlet-api-8.0.21.jar, C:\Users\Alienware Grunt\.ivy2\cache\com.typesafe.play\play-jdbc-evolutions_2.11\jars\play-jdbc-evolutions_2.11-2.4.0.jar, C:\Users\Alienware Grunt\.ivy2\cache\org.avaje.ebeanorm\avaje-ebeanorm\jars\avaje-ebeanorm-4.6.2.jar, C:\Users\Alienware Grunt\.ivy2\cache\javax.persistence\persistence-api\jars\persistence-api-1.0.jar, C:\Users\Alienware Grunt\.ivy2\cache\org.avaje.ebeanorm\avaje-ebeanorm-agent\jars\avaje-ebeanorm-agent-4.5.3.jar, C:\Users\Alienware Grunt\.ivy2\cache\com.typesafe.play\play-server_2.11\jars\play-server_2.11-2.4.3.jar, C:\Users\Alienware Grunt\.ivy2\cache\com.typesafe.play\play-netty-server_2.11\jars\play-netty-server_2.11-2.4.3.jar, C:\Users\Alienware Grunt\.ivy2\cache\io.netty\netty\bundles\netty-3.10.4.Final.jar, C:\Users\Alienware Grunt\.ivy2\cache\com.typesafe.netty\netty-http-pipelining\jars\netty-http-pipelining-1.1.4.jar, C:\Users\Alienware Grunt\.ivy2\cache\com.typesafe.play\play-cache_2.11\jars\play-cache_2.11-2.4.3.jar, C:\Users\Alienware Grunt\.ivy2\cache\net.sf.ehcache\ehcache-core\jars\ehcache-core-2.6.11.jar, C:\Users\Alienware Grunt\.ivy2\cache\com.typesafe.play\play-java-ws_2.11\jars\play-java-ws_2.11-2.4.3.jar, C:\Users\Alienware Grunt\.ivy2\cache\com.typesafe.play\play-ws_2.11\jars\play-ws_2.11-2.4.3.jar, C:\Users\Alienware Grunt\.ivy2\cache\com.ning\async-http-client\jars\async-http-client-1.9.21.jar, C:\Users\Alienware Grunt\.ivy2\cache\oauth.signpost\signpost-core\jars\signpost-core-1.2.1.2.jar, C:\Users\Alienware Grunt\.ivy2\cache\oauth.signpost\signpost-commonshttp4\jars\signpost-commonshttp4-1.2.1.2.jar, C:\Users\Alienware Grunt\.ivy2\cache\org.apache.httpcomponents\httpcore\jars\httpcore-4.0.1.jar, C:\Users\Alienware Grunt\.ivy2\cache\org.apache.httpcomponents\httpclient\jars\httpclient-4.0.1.jar, C:\Users\Alienware Grunt\.ivy2\cache\commons-logging\commons-logging\jars\commons-logging-1.1.1.jar, C:\Users\Alienware Grunt\.ivy2\cache\org.postgresql\postgresql\jars\postgresql-9.4-1201-jdbc41.jar, C:\Users\Alienware Grunt\.ivy2\cache\org.mindrot\jbcrypt\jars\jbcrypt-0.3m.jar),List((public/,C:\Users\Alienware Grunt\cuny-git\CTSproject\target\web\public\main)),List(C:\Users\Alienware Grunt\.ivy2\cache\com.typesafe.play\play-omnidoc_2.11\jars\play-omnidoc_2.11-2.4.3.jar, C:\Users\Alienware Grunt\.ivy2\cache\org.scala-lang\scala-library\jars\scala-library-2.11.6.jar, C:\Users\Alienware Grunt\.ivy2\cache\com.typesafe.play\play-docs_2.11\jars\play-docs_2.11-2.4.3.jar, C:\Users\Alienware Grunt\.ivy2\cache\com.typesafe.play\play-netty-server_2.11\jars\play-netty-server_2.11-2.4.3.jar, C:\Users\Alienware Grunt\.ivy2\cache\com.typesafe.play\play-server_2.11\jars\play-server_2.11-2.4.3.jar, C:\Users\Alienware Grunt\.ivy2\cache\com.typesafe.play\play_2.11\jars\play_2.11-2.4.3.jar, C:\Users\Alienware Grunt\.ivy2\cache\com.typesafe.play\build-link\jars\build-link-2.4.3.jar, C:\Users\Alienware Grunt\.ivy2\cache\com.typesafe.play\play-exceptions\jars\play-exceptions-2.4.3.jar, C:\Users\Alienware Grunt\.ivy2\cache\org.javassist\javassist\bundles\javassist-3.19.0-GA.jar, C:\Users\Alienware Grunt\.ivy2\cache\com.typesafe.play\play-iteratees_2.11\jars\play-iteratees_2.11-2.4.3.jar, C:\Users\Alienware Grunt\.ivy2\cache\org.scala-stm\scala-stm_2.11\jars\scala-stm_2.11-0.7.jar, C:\Users\Alienware Grunt\.ivy2\cache\com.typesafe\config\bundles\config-1.3.0.jar, C:\Users\Alienware Grunt\.ivy2\cache\com.typesafe.play\play-json_2.11\jars\play-json_2.11-2.4.3.jar, C:\Users\Alienware Grunt\.ivy2\cache\com.typesafe.play\play-functional_2.11\jars\play-functional_2.11-2.4.3.jar, C:\Users\Alienware Grunt\.ivy2\cache\com.typesafe.play\play-datacommons_2.11\jars\play-datacommons_2.11-2.4.3.jar, C:\Users\Alienware Grunt\.ivy2\cache\joda-time\joda-time\jars\joda-time-2.8.1.jar, C:\Users\Alienware Grunt\.ivy2\cache\org.joda\joda-convert\jars\joda-convert-1.7.jar, C:\Users\Alienware Grunt\.ivy2\cache\org.scala-lang\scala-reflect\jars\scala-reflect-2.11.6.jar, C:\Users\Alienware Grunt\.ivy2\cache\com.fasterxml.jackson.core\jackson-core\bundles\jackson-core-2.5.4.jar, C:\Users\Alienware Grunt\.ivy2\cache\com.fasterxml.jackson.core\jackson-annotations\bundles\jackson-annotations-2.5.4.jar, C:\Users\Alienware Grunt\.ivy2\cache\com.fasterxml.jackson.core\jackson-databind\bundles\jackson-databind-2.5.4.jar, C:\Users\Alienware Grunt\.ivy2\cache\com.fasterxml.jackson.datatype\jackson-datatype-jdk8\bundles\jackson-datatype-jdk8-2.5.4.jar, C:\Users\Alienware Grunt\.ivy2\cache\com.fasterxml.jackson.datatype\jackson-datatype-jsr310\bundles\jackson-datatype-jsr310-2.5.4.jar, C:\Users\Alienware Grunt\.ivy2\cache\com.typesafe.play\play-netty-utils\jars\play-netty-utils-2.4.3.jar, C:\Users\Alienware Grunt\.ivy2\cache\org.slf4j\slf4j-api\jars\slf4j-api-1.7.12.jar, C:\Users\Alienware Grunt\.ivy2\cache\org.slf4j\jul-to-slf4j\jars\jul-to-slf4j-1.7.12.jar, C:\Users\Alienware Grunt\.ivy2\cache\org.slf4j\jcl-over-slf4j\jars\jcl-over-slf4j-1.7.12.jar, C:\Users\Alienware Grunt\.ivy2\cache\com.typesafe.play\twirl-api_2.11\jars\twirl-api_2.11-1.1.1.jar, C:\Users\Alienware Grunt\.ivy2\cache\org.apache.commons\commons-lang3\jars\commons-lang3-3.4.jar, C:\Users\Alienware Grunt\.ivy2\cache\org.scala-lang.modules\scala-xml_2.11\bundles\scala-xml_2.11-1.0.1.jar, C:\Users\Alienware Grunt\.ivy2\cache\org.scala-lang.modules\scala-parser-combinators_2.11\bundles\scala-parser-combinators_2.11-1.0.1.jar, C:\Users\Alienware Grunt\.ivy2\cache\ch.qos.logback\logback-core\jars\logback-core-1.1.3.jar, C:\Users\Alienware Grunt\.ivy2\cache\ch.qos.logback\logback-classic\jars\logback-classic-1.1.3.jar, C:\Users\Alienware Grunt\.ivy2\cache\com.typesafe.akka\akka-actor_2.11\jars\akka-actor_2.11-2.3.13.jar, C:\Users\Alienware Grunt\.ivy2\cache\com.typesafe.akka\akka-slf4j_2.11\jars\akka-slf4j_2.11-2.3.13.jar, C:\Users\Alienware Grunt\.ivy2\cache\commons-codec\commons-codec\jars\commons-codec-1.10.jar, C:\Users\Alienware Grunt\.ivy2\cache\xerces\xercesImpl\jars\xercesImpl-2.11.0.jar, C:\Users\Alienware Grunt\.ivy2\cache\xml-apis\xml-apis\jars\xml-apis-1.4.01.jar, C:\Users\Alienware Grunt\.ivy2\cache\javax.transaction\jta\jars\jta-1.1.jar, C:\Users\Alienware Grunt\.ivy2\cache\com.google.inject\guice\jars\guice-4.0.jar, C:\Users\Alienware Grunt\.ivy2\cache\javax.inject\javax.inject\jars\javax.inject-1.jar, C:\Users\Alienware Grunt\.ivy2\cache\aopalliance\aopalliance\jars\aopalliance-1.0.jar, C:\Users\Alienware Grunt\.ivy2\cache\com.google.guava\guava\bundles\guava-16.0.1.jar, C:\Users\Alienware Grunt\.ivy2\cache\com.google.inject.extensions\guice-assistedinject\jars\guice-assistedinject-4.0.jar, C:\Users\Alienware Grunt\.ivy2\cache\io.netty\netty\bundles\netty-3.10.4.Final.jar, C:\Users\Alienware Grunt\.ivy2\cache\com.typesafe.netty\netty-http-pipelining\jars\netty-http-pipelining-1.1.4.jar, C:\Users\Alienware Grunt\.ivy2\cache\com.typesafe.play\play-doc_2.11\jars\play-doc_2.11-1.2.2.jar, C:\Users\Alienware Grunt\.ivy2\cache\org.pegdown\pegdown\jars\pegdown-1.4.0.jar, C:\Users\Alienware Grunt\.ivy2\cache\org.parboiled\parboiled-java\bundles\parboiled-java-1.1.5.jar, C:\Users\Alienware Grunt\.ivy2\cache\org.parboiled\parboiled-core\bundles\parboiled-core-1.1.5.jar, C:\Users\Alienware Grunt\.ivy2\cache\org.ow2.asm\asm\jars\asm-4.1.jar, C:\Users\Alienware Grunt\.ivy2\cache\org.ow2.asm\asm-tree\jars\asm-tree-4.1.jar, C:\Users\Alienware Grunt\.ivy2\cache\org.ow2.asm\asm-analysis\jars\asm-analysis-4.1.jar, C:\Users\Alienware Grunt\.ivy2\cache\org.ow2.asm\asm-util\jars\asm-util-4.1.jar, C:\Users\Alienware Grunt\.ivy2\cache\commons-io\commons-io\jars\commons-io-2.4.jar),Some(C:\Users\Alienware Grunt\.ivy2\cache\com.typesafe.play\play-omnidoc_2.11\jars\play-omnidoc_2.11-2.4.3.jar),List(),9000,0.0.0.0,DefaultWatchService,List(C:\Users\Alienware Grunt\cuny-git\CTSproject\public, C:\Users\Alienware Grunt\cuny-git\CTSproject\conf, C:\Users\Alienware Grunt\cuny-git\CTSproject\app),C:\Users\Alienware Grunt\cuny-git\CTSproject\target,500,root/playForkNotifyStart,root/playForkReload,300000,play.core.server.DevServerStart),scala.pickling.PicklerUnpickler$DelegatingPicklerUnpickler@44b17b3a),ForkConfig(C:\Users\Alienware Grunt\cuny-git\CTSproject,List(),List(C:\Users\Alienware Grunt\.ivy2\cache\org.scala-lang\scala-library\jars\scala-library-2.11.6.jar, C:\Users\Alienware Grunt\.ivy2\cache\com.typesafe.play\play-enhancer\jars\play-enhancer-1.1.0.jar, C:\Users\Alienware Grunt\.ivy2\cache\com.typesafe.play\twirl-api_2.11\jars\twirl-api_2.11-1.1.1.jar, C:\Users\Alienware Grunt\.ivy2\cache\org.apache.commons\commons-lang3\jars\commons-lang3-3.4.jar, C:\Users\Alienware Grunt\.ivy2\cache\org.scala-lang.modules\scala-xml_2.11\bundles\scala-xml_2.11-1.0.1.jar, C:\Users\Alienware Grunt\.ivy2\cache\com.typesafe.play\play-ebean_2.11\jars\play-ebean_2.11-1.0.0.jar, C:\Users\Alienware Grunt\.ivy2\cache\com.typesafe.play\play-java-jdbc_2.11\jars\play-java-jdbc_2.11-2.4.3.jar, C:\Users\Alienware Grunt\.ivy2\cache\com.typesafe.play\play-jdbc_2.11\jars\play-jdbc_2.11-2.4.3.jar, C:\Users\Alienware Grunt\.ivy2\cache\com.typesafe.play\play-jdbc-api_2.11\jars\play-jdbc-api_2.11-2.4.3.jar, C:\Users\Alienware Grunt\.ivy2\cache\com.typesafe.play\play_2.11\jars\play_2.11-2.4.3.jar, C:\Users\Alienware Grunt\.ivy2\cache\com.typesafe.play\build-link\jars\build-link-2.4.3.jar, C:\Users\Alienware Grunt\.ivy2\cache\com.typesafe.play\play-exceptions\jars\play-exceptions-2.4.3.jar, C:\Users\Alienware Grunt\.ivy2\cache\org.javassist\javassist\bundles\javassist-3.19.0-GA.jar, C:\Users\Alienware Grunt\.ivy2\cache\com.typesafe.play\play-iteratees_2.11\jars\play-iteratees_2.11-2.4.3.jar, C:\Users\Alienware Grunt\.ivy2\cache\org.scala-stm\scala-stm_2.11\jars\scala-stm_2.11-0.7.jar, C:\Users\Alienware Grunt\.ivy2\cache\com.typesafe\config\bundles\config-1.3.0.jar, C:\Users\Alienware Grunt\.ivy2\cache\com.typesafe.play\play-json_2.11\jars\play-json_2.11-2.4.3.jar, C:\Users\Alienware Grunt\.ivy2\cache\com.typesafe.play\play-functional_2.11\jars\play-functional_2.11-2.4.3.jar, C:\Users\Alienware Grunt\.ivy2\cache\com.typesafe.play\play-datacommons_2.11\jars\play-datacommons_2.11-2.4.3.jar, C:\Users\Alienware Grunt\.ivy2\cache\joda-time\joda-time\jars\joda-time-2.8.1.jar, C:\Users\Alienware Grunt\.ivy2\cache\org.joda\joda-convert\jars\joda-convert-1.7.jar, C:\Users\Alienware Grunt\.ivy2\cache\org.scala-lang\scala-reflect\jars\scala-reflect-2.11.6.jar, C:\Users\Alienware Grunt\.ivy2\cache\com.fasterxml.jackson.core\jackson-core\bundles\jackson-core-2.5.4.jar, C:\Users\Alienware Grunt\.ivy2\cache\com.fasterxml.jackson.core\jackson-annotations\bundles\jackson-annotations-2.5.4.jar, C:\Users\Alienware Grunt\.ivy2\cache\com.fasterxml.jackson.core\jackson-databind\bundles\jackson-databind-2.5.4.jar, C:\Users\Alienware Grunt\.ivy2\cache\com.fasterxml.jackson.datatype\jackson-datatype-jdk8\bundles\jackson-datatype-jdk8-2.5.4.jar, C:\Users\Alienware Grunt\.ivy2\cache\com.fasterxml.jackson.datatype\jackson-datatype-jsr310\bundles\jackson-datatype-jsr310-2.5.4.jar, C:\Users\Alienware Grunt\.ivy2\cache\com.typesafe.play\play-netty-utils\jars\play-netty-utils-2.4.3.jar, C:\Users\Alienware Grunt\.ivy2\cache\org.slf4j\slf4j-api\jars\slf4j-api-1.7.12.jar, C:\Users\Alienware Grunt\.ivy2\cache\org.slf4j\jul-to-slf4j\jars\jul-to-slf4j-1.7.12.jar, C:\Users\Alienware Grunt\.ivy2\cache\org.slf4j\jcl-over-slf4j\jars\jcl-over-slf4j-1.7.12.jar, C:\Users\Alienware Grunt\.ivy2\cache\org.scala-lang.modules\scala-parser-combinators_2.11\bundles\scala-parser-combinators_2.11-1.0.1.jar, C:\Users\Alienware Grunt\.ivy2\cache\ch.qos.logback\logback-core\jars\logback-core-1.1.3.jar, C:\Users\Alienware Grunt\.ivy2\cache\ch.qos.logback\logback-classic\jars\logback-classic-1.1.3.jar, C:\Users\Alienware Grunt\.ivy2\cache\com.typesafe.akka\akka-actor_2.11\jars\akka-actor_2.11-2.3.13.jar, C:\Users\Alienware Grunt\.ivy2\cache\com.typesafe.akka\akka-slf4j_2.11\jars\akka-slf4j_2.11-2.3.13.jar, C:\Users\Alienware Grunt\.ivy2\cache\commons-codec\commons-codec\jars\commons-codec-1.10.jar, C:\Users\Alienware Grunt\.ivy2\cache\xerces\xercesImpl\jars\xercesImpl-2.11.0.jar, C:\Users\Alienware Grunt\.ivy2\cache\xml-apis\xml-apis\jars\xml-apis-1.4.01.jar, C:\Users\Alienware Grunt\.ivy2\cache\javax.transaction\jta\jars\jta-1.1.jar, C:\Users\Alienware Grunt\.ivy2\cache\com.google.inject\guice\jars\guice-4.0.jar, C:\Users\Alienware Grunt\.ivy2\cache\javax.inject\javax.inject\jars\javax.inject-1.jar, C:\Users\Alienware Grunt\.ivy2\cache\aopalliance\aopalliance\jars\aopalliance-1.0.jar, C:\Users\Alienware Grunt\.ivy2\cache\com.google.inject.extensions\guice-assistedinject\jars\guice-assistedinject-4.0.jar, C:\Users\Alienware Grunt\.ivy2\cache\com.jolbox\bonecp\bundles\bonecp-0.8.0.RELEASE.jar, C:\Users\Alienware Grunt\.ivy2\cache\com.zaxxer\HikariCP\bundles\HikariCP-2.3.7.jar, C:\Users\Alienware Grunt\.ivy2\cache\com.h2database\h2\jars\h2-1.4.187.jar, C:\Users\Alienware Grunt\.ivy2\cache\tyrex\tyrex\jars\tyrex-1.0.1.jar, C:\Users\Alienware Grunt\.ivy2\cache\com.typesafe.play\play-java_2.11\jars\play-java_2.11-2.4.3.jar, C:\Users\Alienware Grunt\.ivy2\cache\org.scala-lang.modules\scala-java8-compat_2.11\bundles\scala-java8-compat_2.11-0.3.0.jar, C:\Users\Alienware Grunt\.ivy2\cache\org.yaml\snakeyaml\bundles\snakeyaml-1.15.jar, C:\Users\Alienware Grunt\.ivy2\cache\org.hibernate\hibernate-validator\jars\hibernate-validator-5.0.3.Final.jar, C:\Users\Alienware Grunt\.ivy2\cache\javax.validation\validation-api\jars\validation-api-1.1.0.Final.jar, C:\Users\Alienware Grunt\.ivy2\cache\com.fasterxml\classmate\bundles\classmate-1.0.0.jar, C:\Users\Alienware Grunt\.ivy2\cache\org.jboss.logging\jboss-logging\jars\jboss-logging-3.2.1.Final.jar, C:\Users\Alienware Grunt\.ivy2\cache\org.springframework\spring-context\jars\spring-context-4.1.6.RELEASE.jar, C:\Users\Alienware Grunt\.ivy2\cache\org.springframework\spring-core\jars\spring-core-4.1.6.RELEASE.jar, C:\Users\Alienware Grunt\.ivy2\cache\org.springframework\spring-beans\jars\spring-beans-4.1.6.RELEASE.jar, C:\Users\Alienware Grunt\.ivy2\cache\org.reflections\reflections\jars\reflections-0.9.9.jar, C:\Users\Alienware Grunt\.ivy2\cache\com.google.guava\guava\bundles\guava-18.0.jar, C:\Users\Alienware Grunt\.ivy2\cache\com.google.code.findbugs\annotations\jars\annotations-2.0.1.jar, C:\Users\Alienware Grunt\.ivy2\cache\net.jodah\typetools\bundles\typetools-0.4.1.jar, C:\Users\Alienware Grunt\.ivy2\cache\com.google.code.findbugs\jsr305\jars\jsr305-2.0.3.jar, C:\Users\Alienware Grunt\.ivy2\cache\org.apache.tomcat\tomcat-servlet-api\jars\tomcat-servlet-api-8.0.21.jar, C:\Users\Alienware Grunt\.ivy2\cache\com.typesafe.play\play-jdbc-evolutions_2.11\jars\play-jdbc-evolutions_2.11-2.4.0.jar, C:\Users\Alienware Grunt\.ivy2\cache\org.avaje.ebeanorm\avaje-ebeanorm\jars\avaje-ebeanorm-4.6.2.jar, C:\Users\Alienware Grunt\.ivy2\cache\javax.persistence\persistence-api\jars\persistence-api-1.0.jar, C:\Users\Alienware Grunt\.ivy2\cache\org.avaje.ebeanorm\avaje-ebeanorm-agent\jars\avaje-ebeanorm-agent-4.5.3.jar, C:\Users\Alienware Grunt\.ivy2\cache\com.typesafe.play\play-server_2.11\jars\play-server_2.11-2.4.3.jar, C:\Users\Alienware Grunt\.ivy2\cache\com.typesafe.play\play-netty-server_2.11\jars\play-netty-server_2.11-2.4.3.jar, C:\Users\Alienware Grunt\.ivy2\cache\io.netty\netty\bundles\netty-3.10.4.Final.jar, C:\Users\Alienware Grunt\.ivy2\cache\com.typesafe.netty\netty-http-pipelining\jars\netty-http-pipelining-1.1.4.jar, C:\Users\Alienware Grunt\.ivy2\cache\com.typesafe.play\play-cache_2.11\jars\play-cache_2.11-2.4.3.jar, C:\Users\Alienware Grunt\.ivy2\cache\net.sf.ehcache\ehcache-core\jars\ehcache-core-2.6.11.jar, C:\Users\Alienware Grunt\.ivy2\cache\com.typesafe.play\play-java-ws_2.11\jars\play-java-ws_2.11-2.4.3.jar, C:\Users\Alienware Grunt\.ivy2\cache\com.typesafe.play\play-ws_2.11\jars\play-ws_2.11-2.4.3.jar, C:\Users\Alienware Grunt\.ivy2\cache\com.ning\async-http-client\jars\async-http-client-1.9.21.jar, C:\Users\Alienware Grunt\.ivy2\cache\oauth.signpost\signpost-core\jars\signpost-core-1.2.1.2.jar, C:\Users\Alienware Grunt\.ivy2\cache\oauth.signpost\signpost-commonshttp4\jars\signpost-commonshttp4-1.2.1.2.jar, C:\Users\Alienware Grunt\.ivy2\cache\org.apache.httpcomponents\httpcore\jars\httpcore-4.0.1.jar, C:\Users\Alienware Grunt\.ivy2\cache\org.apache.httpcomponents\httpclient\jars\httpclient-4.0.1.jar, C:\Users\Alienware Grunt\.ivy2\cache\commons-logging\commons-logging\jars\commons-logging-1.1.1.jar, C:\Users\Alienware Grunt\.ivy2\cache\org.postgresql\postgresql\jars\postgresql-9.4-1201-jdbc41.jar, C:\Users\Alienware Grunt\.ivy2\cache\org.mindrot\jbcrypt\jars\jbcrypt-0.3m.jar),List((public/,C:\Users\Alienware Grunt\cuny-git\CTSproject\target\web\public\main)),List(C:\Users\Alienware Grunt\.ivy2\cache\com.typesafe.play\play-omnidoc_2.11\jars\play-omnidoc_2.11-2.4.3.jar, C:\Users\Alienware Grunt\.ivy2\cache\org.scala-lang\scala-library\jars\scala-library-2.11.6.jar, C:\Users\Alienware Grunt\.ivy2\cache\com.typesafe.play\play-docs_2.11\jars\play-docs_2.11-2.4.3.jar, C:\Users\Alienware Grunt\.ivy2\cache\com.typesafe.play\play-netty-server_2.11\jars\play-netty-server_2.11-2.4.3.jar, C:\Users\Alienware Grunt\.ivy2\cache\com.typesafe.play\play-server_2.11\jars\play-server_2.11-2.4.3.jar, C:\Users\Alienware Grunt\.ivy2\cache\com.typesafe.play\play_2.11\jars\play_2.11-2.4.3.jar, C:\Users\Alienware Grunt\.ivy2\cache\com.typesafe.play\build-link\jars\build-link-2.4.3.jar, C:\Users\Alienware Grunt\.ivy2\cache\com.typesafe.play\play-exceptions\jars\play-exceptions-2.4.3.jar, C:\Users\Alienware Grunt\.ivy2\cache\org.javassist\javassist\bundles\javassist-3.19.0-GA.jar, C:\Users\Alienware Grunt\.ivy2\cache\com.typesafe.play\play-iteratees_2.11\jars\play-iteratees_2.11-2.4.3.jar, C:\Users\Alienware Grunt\.ivy2\cache\org.scala-stm\scala-stm_2.11\jars\scala-stm_2.11-0.7.jar, C:\Users\Alienware Grunt\.ivy2\cache\com.typesafe\config\bundles\config-1.3.0.jar, C:\Users\Alienware Grunt\.ivy2\cache\com.typesafe.play\play-json_2.11\jars\play-json_2.11-2.4.3.jar, C:\Users\Alienware Grunt\.ivy2\cache\com.typesafe.play\play-functional_2.11\jars\play-functional_2.11-2.4.3.jar, C:\Users\Alienware Grunt\.ivy2\cache\com.typesafe.play\play-datacommons_2.11\jars\play-datacommons_2.11-2.4.3.jar, C:\Users\Alienware Grunt\.ivy2\cache\joda-time\joda-time\jars\joda-time-2.8.1.jar, C:\Users\Alienware Grunt\.ivy2\cache\org.joda\joda-convert\jars\joda-convert-1.7.jar, C:\Users\Alienware Grunt\.ivy2\cache\org.scala-lang\scala-reflect\jars\scala-reflect-2.11.6.jar, C:\Users\Alienware Grunt\.ivy2\cache\com.fasterxml.jackson.core\jackson-core\bundles\jackson-core-2.5.4.jar, C:\Users\Alienware Grunt\.ivy2\cache\com.fasterxml.jackson.core\jackson-annotations\bundles\jackson-annotations-2.5.4.jar, C:\Users\Alienware Grunt\.ivy2\cache\com.fasterxml.jackson.core\jackson-databind\bundles\jackson-databind-2.5.4.jar, C:\Users\Alienware Grunt\.ivy2\cache\com.fasterxml.jackson.datatype\jackson-datatype-jdk8\bundles\jackson-datatype-jdk8-2.5.4.jar, C:\Users\Alienware Grunt\.ivy2\cache\com.fasterxml.jackson.datatype\jackson-datatype-jsr310\bundles\jackson-datatype-jsr310-2.5.4.jar, C:\Users\Alienware Grunt\.ivy2\cache\com.typesafe.play\play-netty-utils\jars\play-netty-utils-2.4.3.jar, C:\Users\Alienware Grunt\.ivy2\cache\org.slf4j\slf4j-api\jars\slf4j-api-1.7.12.jar, C:\Users\Alienware Grunt\.ivy2\cache\org.slf4j\jul-to-slf4j\jars\jul-to-slf4j-1.7.12.jar, C:\Users\Alienware Grunt\.ivy2\cache\org.slf4j\jcl-over-slf4j\jars\jcl-over-slf4j-1.7.12.jar, C:\Users\Alienware Grunt\.ivy2\cache\com.typesafe.play\twirl-api_2.11\jars\twirl-api_2.11-1.1.1.jar, C:\Users\Alienware Grunt\.ivy2\cache\org.apache.commons\commons-lang3\jars\commons-lang3-3.4.jar, C:\Users\Alienware Grunt\.ivy2\cache\org.scala-lang.modules\scala-xml_2.11\bundles\scala-xml_2.11-1.0.1.jar, C:\Users\Alienware Grunt\.ivy2\cache\org.scala-lang.modules\scala-parser-combinators_2.11\bundles\scala-parser-combinators_2.11-1.0.1.jar, C:\Users\Alienware Grunt\.ivy2\cache\ch.qos.logback\logback-core\jars\logback-core-1.1.3.jar, C:\Users\Alienware Grunt\.ivy2\cache\ch.qos.logback\logback-classic\jars\logback-classic-1.1.3.jar, C:\Users\Alienware Grunt\.ivy2\cache\com.typesafe.akka\akka-actor_2.11\jars\akka-actor_2.11-2.3.13.jar, C:\Users\Alienware Grunt\.ivy2\cache\com.typesafe.akka\akka-slf4j_2.11\jars\akka-slf4j_2.11-2.3.13.jar, C:\Users\Alienware Grunt\.ivy2\cache\commons-codec\commons-codec\jars\commons-codec-1.10.jar, C:\Users\Alienware Grunt\.ivy2\cache\xerces\xercesImpl\jars\xercesImpl-2.11.0.jar, C:\Users\Alienware Grunt\.ivy2\cache\xml-apis\xml-apis\jars\xml-apis-1.4.01.jar, C:\Users\Alienware Grunt\.ivy2\cache\javax.transaction\jta\jars\jta-1.1.jar, C:\Users\Alienware Grunt\.ivy2\cache\com.google.inject\guice\jars\guice-4.0.jar, C:\Users\Alienware Grunt\.ivy2\cache\javax.inject\javax.inject\jars\javax.inject-1.jar, C:\Users\Alienware Grunt\.ivy2\cache\aopalliance\aopalliance\jars\aopalliance-1.0.jar, C:\Users\Alienware Grunt\.ivy2\cache\com.google.guava\guava\bundles\guava-16.0.1.jar, C:\Users\Alienware Grunt\.ivy2\cache\com.google.inject.extensions\guice-assistedinject\jars\guice-assistedinject-4.0.jar, C:\Users\Alienware Grunt\.ivy2\cache\io.netty\netty\bundles\netty-3.10.4.Final.jar, C:\Users\Alienware Grunt\.ivy2\cache\com.typesafe.netty\netty-http-pipelining\jars\netty-http-pipelining-1.1.4.jar, C:\Users\Alienware Grunt\.ivy2\cache\com.typesafe.play\play-doc_2.11\jars\play-doc_2.11-1.2.2.jar, C:\Users\Alienware Grunt\.ivy2\cache\org.pegdown\pegdown\jars\pegdown-1.4.0.jar, C:\Users\Alienware Grunt\.ivy2\cache\org.parboiled\parboiled-java\bundles\parboiled-java-1.1.5.jar, C:\Users\Alienware Grunt\.ivy2\cache\org.parboiled\parboiled-core\bundles\parboiled-core-1.1.5.jar, C:\Users\Alienware Grunt\.ivy2\cache\org.ow2.asm\asm\jars\asm-4.1.jar, C:\Users\Alienware Grunt\.ivy2\cache\org.ow2.asm\asm-tree\jars\asm-tree-4.1.jar, C:\Users\Alienware Grunt\.ivy2\cache\org.ow2.asm\asm-analysis\jars\asm-analysis-4.1.jar, C:\Users\Alienware Grunt\.ivy2\cache\org.ow2.asm\asm-util\jars\asm-util-4.1.jar, C:\Users\Alienware Grunt\.ivy2\cache\commons-io\commons-io\jars\commons-io-2.4.jar),Some(C:\Users\Alienware Grunt\.ivy2\cache\com.typesafe.play\play-omnidoc_2.11\jars\play-omnidoc_2.11-2.4.3.jar),List(),9000,0.0.0.0,DefaultWatchService,List(C:\Users\Alienware Grunt\cuny-git\CTSproject\public, C:\Users\Alienware Grunt\cuny-git\CTSproject\conf, C:\Users\Alienware Grunt\cuny-git\CTSproject\app),C:\Users\Alienware Grunt\cuny-git\CTSproject\target,500,root/playForkNotifyStart,root/playForkReload,300000,play.core.server.DevServerStart))))
Sending msg to client play-fork-run-b4e11e7f-68e9-477f-8d01-81ee98156994: TaskStarted(12,848,None)
Sending msg to client play-fork-run-b4e11e7f-68e9-477f-8d01-81ee98156994: TaskFinished(12,848,None,true,None)
Sending msg to client play-fork-run-b4e11e7f-68e9-477f-8d01-81ee98156994: TaskStarted(12,847,None)
Sending msg to client play-fork-run-b4e11e7f-68e9-477f-8d01-81ee98156994: TaskFinished(12,847,None,true,None)
Sending msg to client play-fork-run-b4e11e7f-68e9-477f-8d01-81ee98156994: DetachedLogEvent(LogMessage(debug,cancel strategy finish enabled=false lastCommand=Some(LastCommand(CommandExecutionWork(ExecutionId(12),{file:/C:/Users/Alienware%20Grunt/cuny-git/CTSproject/}root/*:playForkConfig,Set(LiveClient(play-fork-run b4e11e7f-68e9-477f-8d01-81ee98156994)),sbt.server.WorkCancellationStatus$$anon$1@7ee8cb3e)))))
Sending msg to client play-fork-run-b4e11e7f-68e9-477f-8d01-81ee98156994: DetachedLogEvent(LogSuccess(Total time: 1 s, completed Nov 19, 2015 10:50:56 AM))
Sending msg to client play-fork-run-b4e11e7f-68e9-477f-8d01-81ee98156994: DetachedLogEvent(LogMessage(debug,> server-post-command-cleanup))
Sending msg to client play-fork-run-b4e11e7f-68e9-477f-8d01-81ee98156994: ExecutionSuccess(12)
Sending msg to client play-fork-run-b4e11e7f-68e9-477f-8d01-81ee98156994: DetachedLogEvent(LogMessage(debug,> server-handle-next-server-request))
Sending msg to client play-fork-run-b4e11e7f-68e9-477f-8d01-81ee98156994: BackgroundJobLogEvent(2,LogMessage(info,))
Sending msg to client play-fork-run-b4e11e7f-68e9-477f-8d01-81ee98156994: BackgroundJobLogEvent(2,LogMessage(info,--- (Running the application, auto-reloading is enabled) ---))
Sending msg to client play-fork-run-b4e11e7f-68e9-477f-8d01-81ee98156994: BackgroundJobLogEvent(2,LogMessage(info,))
Sending msg to client play-fork-run-b4e11e7f-68e9-477f-8d01-81ee98156994: BackgroundJobLogEvent(2,LogMessage(info,p.c.s.NettyServer - Listening for HTTP on /0:0:0:0:0:0:0:0:9000))
Got request: ExecutionRequest(root/playForkNotifyStart http://localhost:9000)
Reading next message from client.
Sending msg to client play-fork-run-b4e11e7f-68e9-477f-8d01-81ee98156994: BackgroundJobLogEvent(2,LogMessage(info,))
Sending msg to client play-fork-run-b4e11e7f-68e9-477f-8d01-81ee98156994: BackgroundJobLogEvent(2,LogMessage(info,(Server started, use Ctrl+D to stop and go back to the console...)))
Sending msg to client play-fork-run-b4e11e7f-68e9-477f-8d01-81ee98156994: BackgroundJobLogEvent(2,LogMessage(info,))
Sending msg to client play-fork-run-b4e11e7f-68e9-477f-8d01-81ee98156994: (8,ExecutionRequestReceived(13))
Sending msg to client play-fork-run-b4e11e7f-68e9-477f-8d01-81ee98156994: ExecutionWaiting(13,root/playForkNotifyStart http://localhost:9000,ClientInfo(b4e11e7f-68e9-477f-8d01-81ee98156994,play-fork-run,Play Fork Run,1,Vector()))
Sending msg to client play-fork-run-b4e11e7f-68e9-477f-8d01-81ee98156994: ExecutionStarting(13)
Sending msg to client play-fork-run-b4e11e7f-68e9-477f-8d01-81ee98156994: DetachedLogEvent(LogMessage(debug,> root/playForkNotifyStart http://localhost:9000))
Sending msg to client play-fork-run-b4e11e7f-68e9-477f-8d01-81ee98156994: DetachedLogEvent(LogMessage(debug,Evaluating tasks: *:playForkNotifyStart))
Sending msg to client play-fork-run-b4e11e7f-68e9-477f-8d01-81ee98156994: DetachedLogEvent(LogMessage(debug,Running task... Cancel: sbt.server.ServerTaskCancellation@11ee8481, check cycles: false))
Sending msg to client play-fork-run-b4e11e7f-68e9-477f-8d01-81ee98156994: DetachedLogEvent(LogMessage(debug,cancel strategy start enabled=true lastCommand=Some(LastCommand(CommandExecutionWork(ExecutionId(13),root/playForkNotifyStart http://localhost:9000,Set(LiveClient(play-fork-run b4e11e7f-68e9-477f-8d01-81ee98156994)),sbt.server.WorkCancellationStatus$$anon$1@22877f8b)))))
Sending msg to client play-fork-run-b4e11e7f-68e9-477f-8d01-81ee98156994: TaskStarted(13,925,Some(AttributeKey[sbt.SendEventService]("sendEventService") in Scope(Global)))
Sending msg to client play-fork-run-b4e11e7f-68e9-477f-8d01-81ee98156994: TaskFinished(13,925,Some(AttributeKey[sbt.SendEventService]("sendEventService") in Scope(Global)),true,None)
Sending msg to client play-fork-run-b4e11e7f-68e9-477f-8d01-81ee98156994: TaskStarted(13,924,Some(AttributeKey[scala.Function1[java.lang.String,void]]("playForkStarted") in Scope(Build: file:/C:/Users/Alienware%20Grunt/cuny-git/CTSproject/, , Project: ProjectReference(file:/C:/Users/Alienware%20Grunt/cuny-git/CTSproject/,root))))
Sending msg to client play-fork-run-b4e11e7f-68e9-477f-8d01-81ee98156994: TaskFinished(13,924,Some(AttributeKey[scala.Function1[java.lang.String,void]]("playForkStarted") in Scope(Build: file:/C:/Users/Alienware%20Grunt/cuny-git/CTSproject/, , Project: ProjectReference(file:/C:/Users/Alienware%20Grunt/cuny-git/CTSproject/,root))),true,None)
Sending msg to client play-fork-run-b4e11e7f-68e9-477f-8d01-81ee98156994: TaskStarted(13,923,Some(AttributeKey[void]("playForkNotifyStart") in Scope(Build: file:/C:/Users/Alienware%20Grunt/cuny-git/CTSproject/, , Project: ProjectReference(file:/C:/Users/Alienware%20Grunt/cuny-git/CTSproject/,root))))
Sending msg to client play-fork-run-b4e11e7f-68e9-477f-8d01-81ee98156994: TaskEvent(923,LazyValue(PlayServerStarted(http://localhost:9000),play.forkrun.protocol.Serializers$PlayForkrunProtocolPlayServerStartedPickler1$2$@79e137e8))
Sending msg to client play-fork-run-b4e11e7f-68e9-477f-8d01-81ee98156994: TaskFinished(13,923,Some(AttributeKey[void]("playForkNotifyStart") in Scope(Build: file:/C:/Users/Alienware%20Grunt/cuny-git/CTSproject/, , Project: ProjectReference(file:/C:/Users/Alienware%20Grunt/cuny-git/CTSproject/,root))),true,None)
Sending msg to client play-fork-run-b4e11e7f-68e9-477f-8d01-81ee98156994: TaskStarted(13,922,None)
Sending msg to client play-fork-run-b4e11e7f-68e9-477f-8d01-81ee98156994: TaskFinished(13,922,None,true,None)
Sending msg to client play-fork-run-b4e11e7f-68e9-477f-8d01-81ee98156994: TaskStarted(13,921,None)
Sending msg to client play-fork-run-b4e11e7f-68e9-477f-8d01-81ee98156994: TaskFinished(13,921,None,true,None)
Sending msg to client play-fork-run-b4e11e7f-68e9-477f-8d01-81ee98156994: DetachedLogEvent(LogMessage(debug,cancel strategy finish enabled=false lastCommand=Some(LastCommand(CommandExecutionWork(ExecutionId(13),root/playForkNotifyStart http://localhost:9000,Set(LiveClient(play-fork-run b4e11e7f-68e9-477f-8d01-81ee98156994)),sbt.server.WorkCancellationStatus$$anon$1@22877f8b)))))
Sending msg to client play-fork-run-b4e11e7f-68e9-477f-8d01-81ee98156994: DetachedLogEvent(LogSuccess(Total time: 0 s, completed Nov 19, 2015 10:50:59 AM))
Sending msg to client play-fork-run-b4e11e7f-68e9-477f-8d01-81ee98156994: DetachedLogEvent(LogMessage(debug,> server-post-command-cleanup))
Sending msg to client play-fork-run-b4e11e7f-68e9-477f-8d01-81ee98156994: ExecutionSuccess(13)
Sending msg to client play-fork-run-b4e11e7f-68e9-477f-8d01-81ee98156994: DetachedLogEvent(LogMessage(debug,> server-handle-next-server-request))
Sending msg to client play-fork-run-b4e11e7f-68e9-477f-8d01-81ee98156994: ExecutionWaiting(14,jobStop 2,ClientInfo(32ef6ccc-e405-43e2-93c7-47e4c095d990,activator,Activator,3,Vector()))
Sending msg to client play-fork-run-b4e11e7f-68e9-477f-8d01-81ee98156994: ExecutionStarting(14)
Sending msg to client play-fork-run-b4e11e7f-68e9-477f-8d01-81ee98156994: DetachedLogEvent(LogMessage(debug,> jobStop 2))
Sending msg to client play-fork-run-b4e11e7f-68e9-477f-8d01-81ee98156994: DetachedLogEvent(LogMessage(debug,Evaluating tasks: *:jobStop))
Sending msg to client play-fork-run-b4e11e7f-68e9-477f-8d01-81ee98156994: DetachedLogEvent(LogMessage(debug,Running task... Cancel: sbt.server.ServerTaskCancellation@3518291, check cycles: false))
Sending msg to client play-fork-run-b4e11e7f-68e9-477f-8d01-81ee98156994: DetachedLogEvent(LogMessage(debug,cancel strategy start enabled=true lastCommand=Some(LastCommand(CommandExecutionWork(ExecutionId(14),jobStop 2,Set(LiveClient(activator 32ef6ccc-e405-43e2-93c7-47e4c095d990)),sbt.server.WorkCancellationStatus$$anon$1@66fead43)))))
Sending msg to client play-fork-run-b4e11e7f-68e9-477f-8d01-81ee98156994: TaskStarted(14,928,Some(AttributeKey[void]("jobStop") in Scope(Global)))
Sending msg to client play-fork-run-b4e11e7f-68e9-477f-8d01-81ee98156994: TaskFinished(14,928,Some(AttributeKey[void]("jobStop") in Scope(Global)),true,None)
Sending msg to client play-fork-run-b4e11e7f-68e9-477f-8d01-81ee98156994: TaskStarted(14,927,None)
Sending msg to client play-fork-run-b4e11e7f-68e9-477f-8d01-81ee98156994: BackgroundJobLogEvent(2,LogMessage(info,Stopping Play fork run ...))
Sending msg to client play-fork-run-b4e11e7f-68e9-477f-8d01-81ee98156994: TaskFinished(14,927,None,true,None)
Sending msg to client play-fork-run-b4e11e7f-68e9-477f-8d01-81ee98156994: TaskStarted(14,926,None)
Sending msg to client play-fork-run-b4e11e7f-68e9-477f-8d01-81ee98156994: TaskFinished(14,926,None,true,None)
Sending msg to client play-fork-run-b4e11e7f-68e9-477f-8d01-81ee98156994: DetachedLogEvent(LogMessage(debug,cancel strategy finish enabled=false lastCommand=Some(LastCommand(CommandExecutionWork(ExecutionId(14),jobStop 2,Set(LiveClient(activator 32ef6ccc-e405-43e2-93c7-47e4c095d990)),sbt.server.WorkCancellationStatus$$anon$1@66fead43)))))
Sending msg to client play-fork-run-b4e11e7f-68e9-477f-8d01-81ee98156994: DetachedLogEvent(LogSuccess(Total time: 0 s, completed Nov 19, 2015 10:52:08 AM))
Sending msg to client play-fork-run-b4e11e7f-68e9-477f-8d01-81ee98156994: DetachedLogEvent(LogMessage(debug,> server-post-command-cleanup))
Sending msg to client play-fork-run-b4e11e7f-68e9-477f-8d01-81ee98156994: ExecutionSuccess(14)
Sending msg to client play-fork-run-b4e11e7f-68e9-477f-8d01-81ee98156994: DetachedLogEvent(LogMessage(debug,> server-handle-next-server-request))
Got request: UnlistenToEvents()
Reading next message from client.
Sending msg to client play-fork-run-b4e11e7f-68e9-477f-8d01-81ee98156994: (9,ReceivedResponse())
Got request: UnlistenToValue(AttributeKey[play.forkrun.protocol.ForkConfig]("playForkConfig") in Scope(Build: file:/C:/Users/Alienware%20Grunt/cuny-git/CTSproject/, , Project: ProjectReference(file:/C:/Users/Alienware%20Grunt/cuny-git/CTSproject/,root)))
Reading next message from client.
Client play-fork-run-b4e11e7f-68e9-477f-8d01-81ee98156994 EOF, shutting down.
Stopping client.
Client play-fork-run-b4e11e7f-68e9-477f-8d01-81ee98156994 thread exiting.
Dropping message (10,ReceivedResponse()) to dead client play-fork-run-b4e11e7f-68e9-477f-8d01-81ee98156994
Dropping message (0,ReceivedResponse()) to dead client play-fork-run-b4e11e7f-68e9-477f-8d01-81ee98156994
